<?xml version="1.0" encoding="UTF-8"?>
<coverage generated="1615800229264" clover="3.2.0">
  <project timestamp="1615800229264" name="All files">
    <metrics statements="199" coveredstatements="184" conditionals="116" coveredconditionals="84" methods="62" coveredmethods="61" elements="377" coveredelements="329" complexity="0" loc="199" ncloc="199" packages="7" files="20" classes="20"/>
    <package name="src">
      <metrics statements="13" coveredstatements="9" conditionals="4" coveredconditionals="2" methods="4" coveredmethods="4"/>
      <file name="App.js" path="X:\workflow\f2pool.com\coingecko-exchange\src\App.js">
        <metrics statements="12" coveredstatements="9" conditionals="4" coveredconditionals="2" methods="4" coveredmethods="4"/>
        <line num="11" count="3" type="cond" truecount="1" falsecount="1"/>
        <line num="12" count="0" type="stmt"/>
        <line num="13" count="0" type="stmt"/>
        <line num="16" count="3" type="cond" truecount="1" falsecount="1"/>
        <line num="17" count="0" type="stmt"/>
        <line num="20" count="3" type="stmt"/>
        <line num="23" count="12" type="stmt"/>
        <line num="24" count="12" type="stmt"/>
        <line num="25" count="7" type="stmt"/>
        <line num="28" count="12" type="stmt"/>
        <line num="50" count="5" type="stmt"/>
        <line num="54" count="2" type="stmt"/>
      </file>
      <file name="index.js" path="X:\workflow\f2pool.com\coingecko-exchange\src\index.js">
        <metrics statements="1" coveredstatements="0" conditionals="0" coveredconditionals="0" methods="0" coveredmethods="0"/>
        <line num="6" count="0" type="stmt"/>
      </file>
    </package>
    <package name="src.components">
      <metrics statements="80" coveredstatements="77" conditionals="66" coveredconditionals="52" methods="27" coveredmethods="27"/>
      <file name="Messages.js" path="X:\workflow\f2pool.com\coingecko-exchange\src\components\Messages.js">
        <metrics statements="9" coveredstatements="9" conditionals="14" coveredconditionals="11" methods="3" coveredmethods="3"/>
        <line num="5" count="4" type="stmt"/>
        <line num="17" count="4" type="stmt"/>
        <line num="19" count="1" type="stmt"/>
        <line num="36" count="4" type="stmt"/>
        <line num="37" count="4" type="stmt"/>
        <line num="38" count="4" type="stmt"/>
        <line num="39" count="4" type="stmt"/>
        <line num="41" count="4" type="cond" truecount="1" falsecount="1"/>
        <line num="43" count="4" type="stmt"/>
      </file>
      <file name="Navbar.js" path="X:\workflow\f2pool.com\coingecko-exchange\src\components\Navbar.js">
        <metrics statements="7" coveredstatements="7" conditionals="10" coveredconditionals="10" methods="3" coveredmethods="3"/>
        <line num="10" count="5" type="stmt"/>
        <line num="22" count="3" type="stmt"/>
        <line num="23" count="17" type="stmt"/>
        <line num="24" count="17" type="cond" truecount="2" falsecount="0"/>
        <line num="26" count="17" type="stmt"/>
        <line num="48" count="17" type="stmt"/>
        <line num="50" count="17" type="stmt"/>
      </file>
      <file name="Pagination.js" path="X:\workflow\f2pool.com\coingecko-exchange\src\components\Pagination.js">
        <metrics statements="8" coveredstatements="8" conditionals="2" coveredconditionals="1" methods="3" coveredmethods="3"/>
        <line num="5" count="5" type="stmt"/>
        <line num="14" count="13" type="stmt"/>
        <line num="15" count="13" type="stmt"/>
        <line num="16" count="13" type="stmt"/>
        <line num="17" count="13" type="stmt"/>
        <line num="18" count="1" type="stmt"/>
        <line num="19" count="1" type="stmt"/>
        <line num="22" count="13" type="stmt"/>
      </file>
      <file name="Product.js" path="X:\workflow\f2pool.com\coingecko-exchange\src\components\Product.js">
        <metrics statements="6" coveredstatements="6" conditionals="0" coveredconditionals="0" methods="2" coveredmethods="2"/>
        <line num="12" count="5" type="stmt"/>
        <line num="41" count="3" type="stmt"/>
        <line num="42" count="80" type="stmt"/>
        <line num="43" count="80" type="stmt"/>
        <line num="44" count="80" type="stmt"/>
        <line num="46" count="80" type="stmt"/>
      </file>
      <file name="SocialMedia.js" path="X:\workflow\f2pool.com\coingecko-exchange\src\components\SocialMedia.js">
        <metrics statements="6" coveredstatements="6" conditionals="10" coveredconditionals="9" methods="4" coveredmethods="4"/>
        <line num="12" count="4" type="stmt"/>
        <line num="25" count="3" type="stmt"/>
        <line num="26" count="3" type="stmt"/>
        <line num="29" count="11" type="stmt"/>
        <line num="32" count="3" type="stmt"/>
        <line num="36" count="11" type="stmt"/>
      </file>
      <file name="product.models.js" path="X:\workflow\f2pool.com\coingecko-exchange\src\components\product.models.js">
        <metrics statements="13" coveredstatements="13" conditionals="12" coveredconditionals="8" methods="4" coveredmethods="4"/>
        <line num="6" count="3" type="stmt"/>
        <line num="11" count="83" type="stmt"/>
        <line num="12" count="83" type="stmt"/>
        <line num="13" count="83" type="stmt"/>
        <line num="14" count="83" type="stmt"/>
        <line num="17" count="83" type="stmt"/>
        <line num="20" count="83" type="stmt"/>
        <line num="21" count="83" type="stmt"/>
        <line num="22" count="83" type="stmt"/>
        <line num="23" count="83" type="stmt"/>
        <line num="27" count="80" type="stmt"/>
        <line num="36" count="5" type="cond" truecount="8" falsecount="2"/>
        <line num="37" count="20" type="stmt"/>
      </file>
      <file name="withProduct.hoc.js" path="X:\workflow\f2pool.com\coingecko-exchange\src\components\withProduct.hoc.js">
        <metrics statements="16" coveredstatements="14" conditionals="8" coveredconditionals="5" methods="4" coveredmethods="4"/>
        <line num="6" count="3" type="stmt"/>
        <line num="8" count="3" type="stmt"/>
        <line num="9" count="4" type="stmt"/>
        <line num="10" count="4" type="stmt"/>
        <line num="11" count="4" type="stmt"/>
        <line num="13" count="4" type="stmt"/>
        <line num="14" count="2" type="cond" truecount="2" falsecount="0"/>
        <line num="15" count="1" type="stmt"/>
        <line num="16" count="1" type="stmt"/>
        <line num="21" count="4" type="cond" truecount="2" falsecount="0"/>
        <line num="22" count="3" type="stmt"/>
        <line num="25" count="1" type="cond" truecount="1" falsecount="1"/>
        <line num="26" count="1" type="stmt"/>
        <line num="29" count="0" type="cond" truecount="0" falsecount="2"/>
        <line num="30" count="0" type="stmt"/>
        <line num="34" count="3" type="stmt"/>
      </file>
      <file name="withStore.hoc.js" path="X:\workflow\f2pool.com\coingecko-exchange\src\components\withStore.hoc.js">
        <metrics statements="15" coveredstatements="14" conditionals="10" coveredconditionals="8" methods="4" coveredmethods="4"/>
        <line num="6" count="3" type="stmt"/>
        <line num="7" count="3" type="stmt"/>
        <line num="8" count="17" type="stmt"/>
        <line num="9" count="17" type="stmt"/>
        <line num="11" count="17" type="cond" truecount="1" falsecount="1"/>
        <line num="12" count="0" type="stmt"/>
        <line num="15" count="17" type="stmt"/>
        <line num="16" count="17" type="stmt"/>
        <line num="17" count="11" type="cond" truecount="4" falsecount="0"/>
        <line num="18" count="6" type="stmt"/>
        <line num="19" count="5" type="stmt"/>
        <line num="24" count="17" type="cond" truecount="1" falsecount="1"/>
        <line num="25" count="17" type="cond" truecount="2" falsecount="0"/>
        <line num="26" count="4" type="stmt"/>
        <line num="28" count="3" type="stmt"/>
      </file>
    </package>
    <package name="src.components.icons">
      <metrics statements="3" coveredstatements="3" conditionals="0" coveredconditionals="0" methods="2" coveredmethods="2"/>
      <file name="SlackIcon.js" path="X:\workflow\f2pool.com\coingecko-exchange\src\components\icons\SlackIcon.js">
        <metrics statements="3" coveredstatements="3" conditionals="0" coveredconditionals="0" methods="2" coveredmethods="2"/>
        <line num="5" count="4" type="stmt"/>
        <line num="16" count="1" type="stmt"/>
        <line num="18" count="1" type="stmt"/>
      </file>
    </package>
    <package name="src.pages">
      <metrics statements="24" coveredstatements="23" conditionals="14" coveredconditionals="11" methods="7" coveredmethods="6"/>
      <file name="Exchange.js" path="X:\workflow\f2pool.com\coingecko-exchange\src\pages\Exchange.js">
        <metrics statements="11" coveredstatements="10" conditionals="6" coveredconditionals="4" methods="4" coveredmethods="3"/>
        <line num="11" count="13" type="stmt"/>
        <line num="12" count="13" type="stmt"/>
        <line num="14" count="13" type="stmt"/>
        <line num="16" count="13" type="stmt"/>
        <line num="17" count="11" type="cond" truecount="2" falsecount="0"/>
        <line num="18" count="5" type="stmt"/>
        <line num="19" count="5" type="stmt"/>
        <line num="20" count="5" type="stmt"/>
        <line num="24" count="13" type="stmt"/>
        <line num="37" count="130" type="stmt"/>
        <line num="44" count="0" type="stmt"/>
      </file>
      <file name="ProductDetail.js" path="X:\workflow\f2pool.com\coingecko-exchange\src\pages\ProductDetail.js">
        <metrics statements="13" coveredstatements="13" conditionals="8" coveredconditionals="7" methods="3" coveredmethods="3"/>
        <line num="15" count="3" type="stmt"/>
        <line num="48" count="3" type="stmt"/>
        <line num="50" count="3" type="stmt"/>
        <line num="51" count="3" type="stmt"/>
        <line num="52" count="3" type="stmt"/>
        <line num="53" count="3" type="stmt"/>
        <line num="55" count="3" type="stmt"/>
        <line num="56" count="3" type="cond" truecount="2" falsecount="0"/>
        <line num="57" count="2" type="stmt"/>
        <line num="58" count="2" type="stmt"/>
        <line num="59" count="2" type="stmt"/>
        <line num="63" count="3" type="stmt"/>
        <line num="65" count="3" type="stmt"/>
      </file>
    </package>
    <package name="src.store">
      <metrics statements="62" coveredstatements="61" conditionals="23" coveredconditionals="16" methods="18" coveredmethods="18"/>
      <file name="api.js" path="X:\workflow\f2pool.com\coingecko-exchange\src\store\api.js">
        <metrics statements="6" coveredstatements="6" conditionals="3" coveredconditionals="1" methods="2" coveredmethods="2"/>
        <line num="7" count="4" type="stmt"/>
        <line num="8" count="4" type="stmt"/>
        <line num="17" count="12" type="cond" truecount="1" falsecount="1"/>
        <line num="19" count="12" type="stmt"/>
        <line num="20" count="12" type="stmt"/>
        <line num="28" count="8" type="stmt"/>
      </file>
      <file name="index.js" path="X:\workflow\f2pool.com\coingecko-exchange\src\store\index.js">
        <metrics statements="0" coveredstatements="0" conditionals="0" coveredconditionals="0" methods="0" coveredmethods="0"/>
      </file>
      <file name="mobx.store.js" path="X:\workflow\f2pool.com\coingecko-exchange\src\store\mobx.store.js">
        <metrics statements="56" coveredstatements="55" conditionals="20" coveredconditionals="15" methods="16" coveredmethods="16"/>
        <line num="5" count="4" type="stmt"/>
        <line num="7" count="4" type="stmt"/>
        <line num="8" count="4" type="stmt"/>
        <line num="9" count="4" type="stmt"/>
        <line num="11" count="4" type="stmt"/>
        <line num="12" count="4" type="stmt"/>
        <line num="13" count="4" type="stmt"/>
        <line num="14" count="4" type="stmt"/>
        <line num="17" count="4" type="stmt"/>
        <line num="35" count="10" type="cond" truecount="1" falsecount="1"/>
        <line num="37" count="10" type="stmt"/>
        <line num="39" count="10" type="cond" truecount="2" falsecount="0"/>
        <line num="41" count="1" type="stmt"/>
        <line num="42" count="1" type="stmt"/>
        <line num="43" count="1" type="stmt"/>
        <line num="48" count="9" type="cond" truecount="2" falsecount="0"/>
        <line num="50" count="3" type="stmt"/>
        <line num="51" count="3" type="stmt"/>
        <line num="52" count="3" type="stmt"/>
        <line num="53" count="3" type="stmt"/>
        <line num="56" count="3" type="stmt"/>
        <line num="59" count="6" type="stmt"/>
        <line num="60" count="6" type="stmt"/>
        <line num="62" count="6" type="stmt"/>
        <line num="69" count="4" type="stmt"/>
        <line num="70" count="4" type="cond" truecount="1" falsecount="1"/>
        <line num="71" count="36" type="stmt"/>
        <line num="73" count="4" type="cond" truecount="1" falsecount="1"/>
        <line num="74" count="4" type="stmt"/>
        <line num="75" count="4" type="stmt"/>
        <line num="76" count="4" type="stmt"/>
        <line num="81" count="1" type="stmt"/>
        <line num="82" count="1" type="stmt"/>
        <line num="85" count="1" type="cond" truecount="1" falsecount="1"/>
        <line num="86" count="1" type="stmt"/>
        <line num="89" count="0" type="stmt"/>
        <line num="102" count="5" type="stmt"/>
        <line num="104" count="5" type="cond" truecount="2" falsecount="0"/>
        <line num="105" count="1" type="stmt"/>
        <line num="106" count="1" type="stmt"/>
        <line num="107" count="1" type="stmt"/>
        <line num="108" count="1" type="stmt"/>
        <line num="110" count="1" type="stmt"/>
        <line num="113" count="4" type="stmt"/>
        <line num="114" count="4" type="stmt"/>
        <line num="116" count="4" type="stmt"/>
        <line num="124" count="2" type="stmt"/>
        <line num="125" count="2" type="cond" truecount="1" falsecount="1"/>
        <line num="126" count="2" type="stmt"/>
        <line num="127" count="2" type="stmt"/>
        <line num="128" count="2" type="stmt"/>
        <line num="133" count="2" type="stmt"/>
        <line num="134" count="2" type="stmt"/>
        <line num="137" count="2" type="cond" truecount="2" falsecount="0"/>
        <line num="138" count="1" type="stmt"/>
        <line num="140" count="1" type="stmt"/>
      </file>
    </package>
    <package name="src.theme">
      <metrics statements="1" coveredstatements="1" conditionals="0" coveredconditionals="0" methods="0" coveredmethods="0"/>
      <file name="index.js" path="X:\workflow\f2pool.com\coingecko-exchange\src\theme\index.js">
        <metrics statements="0" coveredstatements="0" conditionals="0" coveredconditionals="0" methods="0" coveredmethods="0"/>
      </file>
      <file name="material.theme.js" path="X:\workflow\f2pool.com\coingecko-exchange\src\theme\material.theme.js">
        <metrics statements="1" coveredstatements="1" conditionals="0" coveredconditionals="0" methods="0" coveredmethods="0"/>
        <line num="4" count="3" type="stmt"/>
      </file>
    </package>
    <package name="src.utils">
      <metrics statements="16" coveredstatements="10" conditionals="9" coveredconditionals="3" methods="4" coveredmethods="4"/>
      <file name="index.js" path="X:\workflow\f2pool.com\coingecko-exchange\src\utils\index.js">
        <metrics statements="0" coveredstatements="0" conditionals="0" coveredconditionals="0" methods="0" coveredmethods="0"/>
      </file>
      <file name="utils.js" path="X:\workflow\f2pool.com\coingecko-exchange\src\utils\utils.js">
        <metrics statements="16" coveredstatements="10" conditionals="9" coveredconditionals="3" methods="4" coveredmethods="4"/>
        <line num="8" count="4" type="stmt"/>
        <line num="9" count="7" type="cond" truecount="2" falsecount="0"/>
        <line num="12" count="1" type="cond" truecount="1" falsecount="1"/>
        <line num="13" count="1" type="stmt"/>
        <line num="17" count="0" type="stmt"/>
        <line num="18" count="0" type="stmt"/>
        <line num="20" count="0" type="stmt"/>
        <line num="24" count="0" type="cond" truecount="0" falsecount="2"/>
        <line num="25" count="0" type="stmt"/>
        <line num="26" count="0" type="cond" truecount="0" falsecount="2"/>
        <line num="34" count="4" type="cond" truecount="0" falsecount="1"/>
        <line num="35" count="10" type="stmt"/>
        <line num="36" count="10" type="stmt"/>
        <line num="37" count="10" type="stmt"/>
        <line num="38" count="9" type="stmt"/>
        <line num="40" count="10" type="stmt"/>
      </file>
    </package>
  </project>
</coverage>
