{"X:\\workflow\\f2pool.com\\coingecko-exchange\\src\\App.js": {"path":"X:\\workflow\\f2pool.com\\coingecko-exchange\\src\\App.js","statementMap":{"0":{"start":{"line":11,"column":0},"end":{"line":14,"column":1}},"1":{"start":{"line":12,"column":4},"end":{"line":12,"column":31}},"2":{"start":{"line":13,"column":4},"end":{"line":13,"column":33}},"3":{"start":{"line":16,"column":0},"end":{"line":18,"column":1}},"4":{"start":{"line":17,"column":4},"end":{"line":17,"column":30}},"5":{"start":{"line":20,"column":18},"end":{"line":20,"column":33}},"6":{"start":{"line":23,"column":38},"end":{"line":23,"column":56}},"7":{"start":{"line":24,"column":26},"end":{"line":26,"column":5}},"8":{"start":{"line":25,"column":8},"end":{"line":25,"column":39}},"9":{"start":{"line":28,"column":4},"end":{"line":63,"column":5}},"10":{"start":{"line":50,"column":86},"end":{"line":50,"column":106}},"11":{"start":{"line":54,"column":99},"end":{"line":54,"column":127}}},"fnMap":{"0":{"name":"App","decl":{"start":{"line":21,"column":9},"end":{"line":21,"column":12}},"loc":{"start":{"line":21,"column":15},"end":{"line":64,"column":1}},"line":21},"1":{"name":"(anonymous_1)","decl":{"start":{"line":24,"column":26},"end":{"line":24,"column":27}},"loc":{"start":{"line":24,"column":45},"end":{"line":26,"column":5}},"line":24},"2":{"name":"(anonymous_2)","decl":{"start":{"line":50,"column":75},"end":{"line":50,"column":76}},"loc":{"start":{"line":50,"column":86},"end":{"line":50,"column":106}},"line":50},"3":{"name":"(anonymous_3)","decl":{"start":{"line":54,"column":80},"end":{"line":54,"column":81}},"loc":{"start":{"line":54,"column":99},"end":{"line":54,"column":127}},"line":54}},"branchMap":{"0":{"loc":{"start":{"line":11,"column":0},"end":{"line":14,"column":1}},"type":"if","locations":[{"start":{"line":11,"column":0},"end":{"line":14,"column":1}},{"start":{"line":11,"column":0},"end":{"line":14,"column":1}}],"line":11},"1":{"loc":{"start":{"line":16,"column":0},"end":{"line":18,"column":1}},"type":"if","locations":[{"start":{"line":16,"column":0},"end":{"line":18,"column":1}},{"start":{"line":16,"column":0},"end":{"line":18,"column":1}}],"line":16}},"s":{"0":3,"1":0,"2":0,"3":3,"4":0,"5":3,"6":12,"7":12,"8":7,"9":12,"10":5,"11":2},"f":{"0":12,"1":7,"2":5,"3":2},"b":{"0":[0,3],"1":[0,3]},"_coverageSchema":"43e27e138ebf9cfc5966b082cf9a028302ed4184","hash":"068ddf63d14a0bae542564e7f8ef2734fe62c4ff"}
,"X:\\workflow\\f2pool.com\\coingecko-exchange\\src\\index.js": {"path":"X:\\workflow\\f2pool.com\\coingecko-exchange\\src\\index.js","statementMap":{"0":{"start":{"line":6,"column":0},"end":{"line":10,"column":1}}},"fnMap":{},"branchMap":{},"s":{"0":0},"f":{},"b":{},"hash":"398003893e51fc90c3253585c9f11ba413c664e2"}
,"X:\\workflow\\f2pool.com\\coingecko-exchange\\src\\components\\Messages.js": {"path":"X:\\workflow\\f2pool.com\\coingecko-exchange\\src\\components\\Messages.js","statementMap":{"0":{"start":{"line":5,"column":18},"end":{"line":15,"column":3}},"1":{"start":{"line":5,"column":41},"end":{"line":15,"column":1}},"2":{"start":{"line":17,"column":23},"end":{"line":28,"column":1}},"3":{"start":{"line":19,"column":4},"end":{"line":27,"column":22}},"4":{"start":{"line":36,"column":20},"end":{"line":36,"column":31}},"5":{"start":{"line":37,"column":17},"end":{"line":37,"column":27}},"6":{"start":{"line":38,"column":20},"end":{"line":38,"column":31}},"7":{"start":{"line":39,"column":17},"end":{"line":39,"column":27}},"8":{"start":{"line":41,"column":4},"end":{"line":41,"column":29}},"9":{"start":{"line":41,"column":18},"end":{"line":41,"column":29}},"10":{"start":{"line":43,"column":4},"end":{"line":49,"column":5}}},"fnMap":{"0":{"name":"(anonymous_0)","decl":{"start":{"line":5,"column":29},"end":{"line":5,"column":30}},"loc":{"start":{"line":5,"column":41},"end":{"line":15,"column":1}},"line":5},"1":{"name":"(anonymous_1)","decl":{"start":{"line":17,"column":23},"end":{"line":17,"column":24}},"loc":{"start":{"line":17,"column":34},"end":{"line":28,"column":1}},"line":17},"2":{"name":"Messages","decl":{"start":{"line":35,"column":24},"end":{"line":35,"column":32}},"loc":{"start":{"line":35,"column":40},"end":{"line":50,"column":1}},"line":35}},"branchMap":{"0":{"loc":{"start":{"line":20,"column":9},"end":{"line":26,"column":25}},"type":"cond-expr","locations":[{"start":{"line":20,"column":22},"end":{"line":26,"column":18}},{"start":{"line":26,"column":21},"end":{"line":26,"column":25}}],"line":20},"1":{"loc":{"start":{"line":41,"column":4},"end":{"line":41,"column":29}},"type":"if","locations":[{"start":{"line":41,"column":4},"end":{"line":41,"column":29}},{"start":{"line":41,"column":4},"end":{"line":41,"column":29}}],"line":41},"2":{"loc":{"start":{"line":45,"column":13},"end":{"line":47,"column":95}},"type":"cond-expr","locations":[{"start":{"line":45,"column":33},"end":{"line":45,"column":198}},{"start":{"line":45,"column":202},"end":{"line":47,"column":95}}],"line":45},"3":{"loc":{"start":{"line":45,"column":176},"end":{"line":45,"column":189}},"type":"binary-expr","locations":[{"start":{"line":45,"column":176},"end":{"line":45,"column":180}},{"start":{"line":45,"column":184},"end":{"line":45,"column":189}}],"line":45},"4":{"loc":{"start":{"line":45,"column":202},"end":{"line":47,"column":95}},"type":"cond-expr","locations":[{"start":{"line":45,"column":224},"end":{"line":45,"column":267}},{"start":{"line":46,"column":18},"end":{"line":47,"column":95}}],"line":45},"5":{"loc":{"start":{"line":46,"column":18},"end":{"line":47,"column":95}},"type":"cond-expr","locations":[{"start":{"line":46,"column":37},"end":{"line":46,"column":77}},{"start":{"line":47,"column":22},"end":{"line":47,"column":95}}],"line":46},"6":{"loc":{"start":{"line":47,"column":22},"end":{"line":47,"column":95}},"type":"cond-expr","locations":[{"start":{"line":47,"column":44},"end":{"line":47,"column":87}},{"start":{"line":47,"column":91},"end":{"line":47,"column":95}}],"line":47}},"s":{"0":4,"1":4,"2":4,"3":1,"4":4,"5":4,"6":4,"7":4,"8":4,"9":0,"10":4},"f":{"0":4,"1":1,"2":4},"b":{"0":[0,1],"1":[0,4],"2":[1,3],"3":[1,1],"4":[1,2],"5":[1,1],"6":[1,0]},"_coverageSchema":"43e27e138ebf9cfc5966b082cf9a028302ed4184","hash":"8c542fda3a89bba8a7362a0ed9188f15b88a79fc"}
,"X:\\workflow\\f2pool.com\\coingecko-exchange\\src\\components\\Navbar.js": {"path":"X:\\workflow\\f2pool.com\\coingecko-exchange\\src\\components\\Navbar.js","statementMap":{"0":{"start":{"line":10,"column":18},"end":{"line":20,"column":3}},"1":{"start":{"line":10,"column":41},"end":{"line":20,"column":1}},"2":{"start":{"line":22,"column":12},"end":{"line":44,"column":1}},"3":{"start":{"line":23,"column":30},"end":{"line":23,"column":35}},"4":{"start":{"line":24,"column":26},"end":{"line":24,"column":37}},"5":{"start":{"line":26,"column":4},"end":{"line":43,"column":22}},"6":{"start":{"line":48,"column":20},"end":{"line":48,"column":31}},"7":{"start":{"line":50,"column":4},"end":{"line":64,"column":5}}},"fnMap":{"0":{"name":"(anonymous_0)","decl":{"start":{"line":10,"column":29},"end":{"line":10,"column":30}},"loc":{"start":{"line":10,"column":41},"end":{"line":20,"column":1}},"line":10},"1":{"name":"(anonymous_1)","decl":{"start":{"line":22,"column":12},"end":{"line":22,"column":13}},"loc":{"start":{"line":22,"column":23},"end":{"line":44,"column":1}},"line":22},"2":{"name":"Nav","decl":{"start":{"line":46,"column":9},"end":{"line":46,"column":12}},"loc":{"start":{"line":46,"column":28},"end":{"line":65,"column":1}},"line":46}},"branchMap":{"0":{"loc":{"start":{"line":24,"column":26},"end":{"line":24,"column":37}},"type":"binary-expr","locations":[{"start":{"line":24,"column":26},"end":{"line":24,"column":31}},{"start":{"line":24,"column":35},"end":{"line":24,"column":37}}],"line":24},"1":{"loc":{"start":{"line":27,"column":9},"end":{"line":42,"column":59}},"type":"cond-expr","locations":[{"start":{"line":27,"column":29},"end":{"line":32,"column":42}},{"start":{"line":33,"column":14},"end":{"line":42,"column":59}}],"line":27},"2":{"loc":{"start":{"line":27,"column":9},"end":{"line":27,"column":25}},"type":"binary-expr","locations":[{"start":{"line":27,"column":9},"end":{"line":27,"column":14}},{"start":{"line":27,"column":18},"end":{"line":27,"column":25}}],"line":27},"3":{"loc":{"start":{"line":33,"column":14},"end":{"line":42,"column":59}},"type":"cond-expr","locations":[{"start":{"line":33,"column":33},"end":{"line":42,"column":51}},{"start":{"line":42,"column":55},"end":{"line":42,"column":59}}],"line":33},"4":{"loc":{"start":{"line":33,"column":14},"end":{"line":33,"column":29}},"type":"binary-expr","locations":[{"start":{"line":33,"column":14},"end":{"line":33,"column":19}},{"start":{"line":33,"column":23},"end":{"line":33,"column":29}}],"line":33}},"s":{"0":3,"1":5,"2":3,"3":17,"4":17,"5":17,"6":17,"7":17},"f":{"0":5,"1":17,"2":17},"b":{"0":[17,8],"1":[7,10],"2":[17,9],"3":[2,8],"4":[10,2]},"_coverageSchema":"43e27e138ebf9cfc5966b082cf9a028302ed4184","hash":"3c0993d6f33a634c821b05b3fa9a454ecac850f7"}
,"X:\\workflow\\f2pool.com\\coingecko-exchange\\src\\components\\Pagination.js": {"path":"X:\\workflow\\f2pool.com\\coingecko-exchange\\src\\components\\Pagination.js","statementMap":{"0":{"start":{"line":5,"column":18},"end":{"line":11,"column":3}},"1":{"start":{"line":5,"column":41},"end":{"line":11,"column":1}},"2":{"start":{"line":14,"column":20},"end":{"line":14,"column":31}},"3":{"start":{"line":15,"column":44},"end":{"line":15,"column":49}},"4":{"start":{"line":16,"column":28},"end":{"line":16,"column":45}},"5":{"start":{"line":17,"column":25},"end":{"line":20,"column":5}},"6":{"start":{"line":18,"column":8},"end":{"line":18,"column":22}},"7":{"start":{"line":19,"column":8},"end":{"line":19,"column":61}},"8":{"start":{"line":22,"column":4},"end":{"line":30,"column":5}}},"fnMap":{"0":{"name":"(anonymous_0)","decl":{"start":{"line":5,"column":29},"end":{"line":5,"column":30}},"loc":{"start":{"line":5,"column":41},"end":{"line":11,"column":1}},"line":5},"1":{"name":"PaginationBottom","decl":{"start":{"line":13,"column":24},"end":{"line":13,"column":40}},"loc":{"start":{"line":13,"column":48},"end":{"line":31,"column":1}},"line":13},"2":{"name":"(anonymous_2)","decl":{"start":{"line":17,"column":25},"end":{"line":17,"column":26}},"loc":{"start":{"line":17,"column":41},"end":{"line":20,"column":5}},"line":17}},"branchMap":{"0":{"loc":{"start":{"line":27,"column":69},"end":{"line":27,"column":86}},"type":"binary-expr","locations":[{"start":{"line":27,"column":69},"end":{"line":27,"column":78}},{"start":{"line":27,"column":82},"end":{"line":27,"column":86}}],"line":27}},"s":{"0":3,"1":5,"2":13,"3":13,"4":13,"5":13,"6":1,"7":1,"8":13},"f":{"0":5,"1":13,"2":1},"b":{"0":[13,0]},"_coverageSchema":"43e27e138ebf9cfc5966b082cf9a028302ed4184","hash":"0a5a3725cc87244e8cee35072cfb23bd210fe89b"}
,"X:\\workflow\\f2pool.com\\coingecko-exchange\\src\\components\\Product.js": {"path":"X:\\workflow\\f2pool.com\\coingecko-exchange\\src\\components\\Product.js","statementMap":{"0":{"start":{"line":12,"column":18},"end":{"line":39,"column":3}},"1":{"start":{"line":12,"column":41},"end":{"line":39,"column":1}},"2":{"start":{"line":41,"column":16},"end":{"line":99,"column":2}},"3":{"start":{"line":42,"column":20},"end":{"line":42,"column":44}},"4":{"start":{"line":43,"column":17},"end":{"line":43,"column":59}},"5":{"start":{"line":44,"column":20},"end":{"line":44,"column":31}},"6":{"start":{"line":46,"column":4},"end":{"line":98,"column":5}}},"fnMap":{"0":{"name":"(anonymous_0)","decl":{"start":{"line":12,"column":29},"end":{"line":12,"column":30}},"loc":{"start":{"line":12,"column":41},"end":{"line":39,"column":1}},"line":12},"1":{"name":"(anonymous_1)","decl":{"start":{"line":41,"column":25},"end":{"line":41,"column":26}},"loc":{"start":{"line":41,"column":65},"end":{"line":99,"column":1}},"line":41}},"branchMap":{},"s":{"0":3,"1":5,"2":3,"3":80,"4":80,"5":80,"6":80},"f":{"0":5,"1":80},"b":{},"_coverageSchema":"43e27e138ebf9cfc5966b082cf9a028302ed4184","hash":"18a30a33cca9ef00902a4d9550f8eaaa925ae532"}
,"X:\\workflow\\f2pool.com\\coingecko-exchange\\src\\components\\SocialMedia.js": {"path":"X:\\workflow\\f2pool.com\\coingecko-exchange\\src\\components\\SocialMedia.js","statementMap":{"0":{"start":{"line":12,"column":18},"end":{"line":22,"column":3}},"1":{"start":{"line":12,"column":41},"end":{"line":22,"column":1}},"2":{"start":{"line":25,"column":20},"end":{"line":25,"column":31}},"3":{"start":{"line":26,"column":27},"end":{"line":26,"column":32}},"4":{"start":{"line":29,"column":8},"end":{"line":29,"column":120}},"5":{"start":{"line":32,"column":4},"end":{"line":51,"column":5}},"6":{"start":{"line":36,"column":20},"end":{"line":46,"column":29}}},"fnMap":{"0":{"name":"(anonymous_0)","decl":{"start":{"line":12,"column":29},"end":{"line":12,"column":30}},"loc":{"start":{"line":12,"column":41},"end":{"line":22,"column":1}},"line":12},"1":{"name":"SocialMedia","decl":{"start":{"line":24,"column":24},"end":{"line":24,"column":35}},"loc":{"start":{"line":24,"column":43},"end":{"line":52,"column":1}},"line":24},"2":{"name":"Alink","decl":{"start":{"line":28,"column":13},"end":{"line":28,"column":18}},"loc":{"start":{"line":28,"column":26},"end":{"line":30,"column":5}},"line":28},"3":{"name":"(anonymous_3)","decl":{"start":{"line":35,"column":32},"end":{"line":35,"column":33}},"loc":{"start":{"line":35,"column":47},"end":{"line":47,"column":17}},"line":35}},"branchMap":{"0":{"loc":{"start":{"line":38,"column":29},"end":{"line":42,"column":113}},"type":"cond-expr","locations":[{"start":{"line":38,"column":57},"end":{"line":38,"column":88}},{"start":{"line":39,"column":34},"end":{"line":42,"column":113}}],"line":38},"1":{"loc":{"start":{"line":39,"column":34},"end":{"line":42,"column":113}},"type":"cond-expr","locations":[{"start":{"line":39,"column":61},"end":{"line":39,"column":91}},{"start":{"line":40,"column":38},"end":{"line":42,"column":113}}],"line":39},"2":{"loc":{"start":{"line":40,"column":38},"end":{"line":42,"column":113}},"type":"cond-expr","locations":[{"start":{"line":40,"column":63},"end":{"line":40,"column":75}},{"start":{"line":41,"column":42},"end":{"line":42,"column":113}}],"line":40},"3":{"loc":{"start":{"line":41,"column":42},"end":{"line":42,"column":113}},"type":"cond-expr","locations":[{"start":{"line":41,"column":68},"end":{"line":41,"column":97}},{"start":{"line":42,"column":46},"end":{"line":42,"column":113}}],"line":41},"4":{"loc":{"start":{"line":42,"column":46},"end":{"line":42,"column":113}},"type":"cond-expr","locations":[{"start":{"line":42,"column":74},"end":{"line":42,"column":105}},{"start":{"line":42,"column":109},"end":{"line":42,"column":113}}],"line":42}},"s":{"0":4,"1":2,"2":3,"3":3,"4":11,"5":3,"6":11},"f":{"0":2,"1":3,"2":11,"3":11},"b":{"0":[3,8],"1":[3,5],"2":[1,4],"3":[1,3],"4":[3,0]},"_coverageSchema":"43e27e138ebf9cfc5966b082cf9a028302ed4184","hash":"927c0846c8295d60ff9a63e48cbb1e7e3a0a5ec7"}
,"X:\\workflow\\f2pool.com\\coingecko-exchange\\src\\components\\product.models.js": {"path":"X:\\workflow\\f2pool.com\\coingecko-exchange\\src\\components\\product.models.js","statementMap":{"0":{"start":{"line":6,"column":0},"end":{"line":8,"column":2}},"1":{"start":{"line":11,"column":13},"end":{"line":11,"column":15}},"2":{"start":{"line":12,"column":11},"end":{"line":12,"column":13}},"3":{"start":{"line":13,"column":13},"end":{"line":13,"column":15}},"4":{"start":{"line":14,"column":14},"end":{"line":14,"column":16}},"5":{"start":{"line":17,"column":8},"end":{"line":19,"column":10}},"6":{"start":{"line":20,"column":8},"end":{"line":20,"column":28}},"7":{"start":{"line":21,"column":8},"end":{"line":21,"column":30}},"8":{"start":{"line":22,"column":8},"end":{"line":22,"column":30}},"9":{"start":{"line":23,"column":8},"end":{"line":23,"column":29}},"10":{"start":{"line":27,"column":8},"end":{"line":27,"column":48}},"11":{"start":{"line":36,"column":8},"end":{"line":37,"column":26}},"12":{"start":{"line":37,"column":22},"end":{"line":37,"column":25}}},"fnMap":{"0":{"name":"(anonymous_0)","decl":{"start":{"line":16,"column":4},"end":{"line":16,"column":5}},"loc":{"start":{"line":16,"column":49},"end":{"line":24,"column":5}},"line":16},"1":{"name":"(anonymous_1)","decl":{"start":{"line":26,"column":4},"end":{"line":26,"column":5}},"loc":{"start":{"line":26,"column":20},"end":{"line":28,"column":5}},"line":26},"2":{"name":"(anonymous_2)","decl":{"start":{"line":35,"column":4},"end":{"line":35,"column":5}},"loc":{"start":{"line":35,"column":21},"end":{"line":38,"column":5}},"line":35},"3":{"name":"(anonymous_3)","decl":{"start":{"line":37,"column":17},"end":{"line":37,"column":18}},"loc":{"start":{"line":37,"column":22},"end":{"line":37,"column":25}},"line":37}},"branchMap":{"0":{"loc":{"start":{"line":16,"column":16},"end":{"line":16,"column":27}},"type":"default-arg","locations":[{"start":{"line":16,"column":25},"end":{"line":16,"column":27}}],"line":16},"1":{"loc":{"start":{"line":16,"column":29},"end":{"line":16,"column":38}},"type":"default-arg","locations":[{"start":{"line":16,"column":36},"end":{"line":16,"column":38}}],"line":16},"2":{"loc":{"start":{"line":36,"column":16},"end":{"line":36,"column":115}},"type":"cond-expr","locations":[{"start":{"line":36,"column":41},"end":{"line":36,"column":108}},{"start":{"line":36,"column":111},"end":{"line":36,"column":115}}],"line":36},"3":{"loc":{"start":{"line":36,"column":117},"end":{"line":36,"column":242}},"type":"cond-expr","locations":[{"start":{"line":36,"column":144},"end":{"line":36,"column":235}},{"start":{"line":36,"column":238},"end":{"line":36,"column":242}}],"line":36},"4":{"loc":{"start":{"line":36,"column":244},"end":{"line":36,"column":430}},"type":"cond-expr","locations":[{"start":{"line":36,"column":269},"end":{"line":36,"column":336}},{"start":{"line":36,"column":339},"end":{"line":36,"column":430}}],"line":36},"5":{"loc":{"start":{"line":36,"column":339},"end":{"line":36,"column":430}},"type":"cond-expr","locations":[{"start":{"line":36,"column":362},"end":{"line":36,"column":423}},{"start":{"line":36,"column":426},"end":{"line":36,"column":430}}],"line":36},"6":{"loc":{"start":{"line":36,"column":432},"end":{"line":36,"column":519}},"type":"cond-expr","locations":[{"start":{"line":36,"column":454},"end":{"line":36,"column":512}},{"start":{"line":36,"column":515},"end":{"line":36,"column":519}}],"line":36}},"s":{"0":3,"1":83,"2":83,"3":83,"4":83,"5":83,"6":83,"7":83,"8":83,"9":83,"10":80,"11":5,"12":20},"f":{"0":83,"1":80,"2":5,"3":20},"b":{"0":[0],"1":[0],"2":[4,1],"3":[4,1],"4":[4,1],"5":[0,1],"6":[0,5]},"_coverageSchema":"43e27e138ebf9cfc5966b082cf9a028302ed4184","hash":"d5238f0f76372d4fc65991d87b2c11a1f300ad0b"}
,"X:\\workflow\\f2pool.com\\coingecko-exchange\\src\\components\\withProduct.hoc.js": {"path":"X:\\workflow\\f2pool.com\\coingecko-exchange\\src\\components\\withProduct.hoc.js","statementMap":{"0":{"start":{"line":6,"column":19},"end":{"line":35,"column":1}},"1":{"start":{"line":8,"column":16},"end":{"line":32,"column":5}},"2":{"start":{"line":9,"column":30},"end":{"line":9,"column":41}},"3":{"start":{"line":10,"column":30},"end":{"line":10,"column":35}},"4":{"start":{"line":11,"column":32},"end":{"line":11,"column":52}},"5":{"start":{"line":13,"column":8},"end":{"line":19,"column":40}},"6":{"start":{"line":14,"column":12},"end":{"line":18,"column":13}},"7":{"start":{"line":15,"column":16},"end":{"line":17,"column":18}},"8":{"start":{"line":16,"column":20},"end":{"line":16,"column":38}},"9":{"start":{"line":21,"column":8},"end":{"line":23,"column":9}},"10":{"start":{"line":22,"column":12},"end":{"line":22,"column":45}},"11":{"start":{"line":25,"column":8},"end":{"line":27,"column":9}},"12":{"start":{"line":26,"column":12},"end":{"line":26,"column":112}},"13":{"start":{"line":29,"column":8},"end":{"line":31,"column":9}},"14":{"start":{"line":30,"column":12},"end":{"line":30,"column":90}},"15":{"start":{"line":34,"column":4},"end":{"line":34,"column":14}}},"fnMap":{"0":{"name":"(anonymous_0)","decl":{"start":{"line":6,"column":19},"end":{"line":6,"column":20}},"loc":{"start":{"line":6,"column":34},"end":{"line":35,"column":1}},"line":6},"1":{"name":"(anonymous_1)","decl":{"start":{"line":8,"column":16},"end":{"line":8,"column":17}},"loc":{"start":{"line":8,"column":27},"end":{"line":32,"column":5}},"line":8},"2":{"name":"(anonymous_2)","decl":{"start":{"line":13,"column":24},"end":{"line":13,"column":25}},"loc":{"start":{"line":13,"column":30},"end":{"line":19,"column":9}},"line":13},"3":{"name":"(anonymous_3)","decl":{"start":{"line":15,"column":64},"end":{"line":15,"column":65}},"loc":{"start":{"line":15,"column":69},"end":{"line":17,"column":17}},"line":15}},"branchMap":{"0":{"loc":{"start":{"line":14,"column":12},"end":{"line":18,"column":13}},"type":"if","locations":[{"start":{"line":14,"column":12},"end":{"line":18,"column":13}},{"start":{"line":14,"column":12},"end":{"line":18,"column":13}}],"line":14},"1":{"loc":{"start":{"line":21,"column":8},"end":{"line":23,"column":9}},"type":"if","locations":[{"start":{"line":21,"column":8},"end":{"line":23,"column":9}},{"start":{"line":21,"column":8},"end":{"line":23,"column":9}}],"line":21},"2":{"loc":{"start":{"line":25,"column":8},"end":{"line":27,"column":9}},"type":"if","locations":[{"start":{"line":25,"column":8},"end":{"line":27,"column":9}},{"start":{"line":25,"column":8},"end":{"line":27,"column":9}}],"line":25},"3":{"loc":{"start":{"line":29,"column":8},"end":{"line":31,"column":9}},"type":"if","locations":[{"start":{"line":29,"column":8},"end":{"line":31,"column":9}},{"start":{"line":29,"column":8},"end":{"line":31,"column":9}}],"line":29}},"s":{"0":3,"1":3,"2":4,"3":4,"4":4,"5":4,"6":2,"7":1,"8":1,"9":4,"10":3,"11":1,"12":1,"13":0,"14":0,"15":3},"f":{"0":3,"1":4,"2":2,"3":1},"b":{"0":[1,1],"1":[3,1],"2":[1,0],"3":[0,0]},"_coverageSchema":"43e27e138ebf9cfc5966b082cf9a028302ed4184","hash":"6f10b3ce2173d6938506a7fa0a2f7adc0f2c3ca0"}
,"X:\\workflow\\f2pool.com\\coingecko-exchange\\src\\components\\withStore.hoc.js": {"path":"X:\\workflow\\f2pool.com\\coingecko-exchange\\src\\components\\withStore.hoc.js","statementMap":{"0":{"start":{"line":6,"column":23},"end":{"line":29,"column":1}},"1":{"start":{"line":7,"column":16},"end":{"line":27,"column":6}},"2":{"start":{"line":8,"column":30},"end":{"line":8,"column":35}},"3":{"start":{"line":9,"column":25},"end":{"line":9,"column":36}},"4":{"start":{"line":11,"column":8},"end":{"line":13,"column":9}},"5":{"start":{"line":12,"column":12},"end":{"line":12,"column":91}},"6":{"start":{"line":15,"column":30},"end":{"line":15,"column":50}},"7":{"start":{"line":16,"column":8},"end":{"line":22,"column":33}},"8":{"start":{"line":17,"column":12},"end":{"line":21,"column":13}},"9":{"start":{"line":18,"column":16},"end":{"line":20,"column":18}},"10":{"start":{"line":19,"column":20},"end":{"line":19,"column":33}},"11":{"start":{"line":24,"column":8},"end":{"line":24,"column":102}},"12":{"start":{"line":24,"column":41},"end":{"line":24,"column":102}},"13":{"start":{"line":25,"column":8},"end":{"line":26,"column":113}},"14":{"start":{"line":25,"column":41},"end":{"line":25,"column":73}},"15":{"start":{"line":26,"column":13},"end":{"line":26,"column":113}},"16":{"start":{"line":28,"column":4},"end":{"line":28,"column":14}}},"fnMap":{"0":{"name":"(anonymous_0)","decl":{"start":{"line":6,"column":23},"end":{"line":6,"column":24}},"loc":{"start":{"line":6,"column":46},"end":{"line":29,"column":1}},"line":6},"1":{"name":"(anonymous_1)","decl":{"start":{"line":7,"column":25},"end":{"line":7,"column":26}},"loc":{"start":{"line":7,"column":36},"end":{"line":27,"column":5}},"line":7},"2":{"name":"(anonymous_2)","decl":{"start":{"line":16,"column":24},"end":{"line":16,"column":25}},"loc":{"start":{"line":16,"column":30},"end":{"line":22,"column":9}},"line":16},"3":{"name":"(anonymous_3)","decl":{"start":{"line":18,"column":91},"end":{"line":18,"column":92}},"loc":{"start":{"line":18,"column":96},"end":{"line":20,"column":17}},"line":18}},"branchMap":{"0":{"loc":{"start":{"line":11,"column":8},"end":{"line":13,"column":9}},"type":"if","locations":[{"start":{"line":11,"column":8},"end":{"line":13,"column":9}},{"start":{"line":11,"column":8},"end":{"line":13,"column":9}}],"line":11},"1":{"loc":{"start":{"line":17,"column":12},"end":{"line":21,"column":13}},"type":"if","locations":[{"start":{"line":17,"column":12},"end":{"line":21,"column":13}},{"start":{"line":17,"column":12},"end":{"line":21,"column":13}}],"line":17},"2":{"loc":{"start":{"line":17,"column":16},"end":{"line":17,"column":42}},"type":"binary-expr","locations":[{"start":{"line":17,"column":16},"end":{"line":17,"column":27}},{"start":{"line":17,"column":31},"end":{"line":17,"column":42}}],"line":17},"3":{"loc":{"start":{"line":24,"column":8},"end":{"line":24,"column":102}},"type":"if","locations":[{"start":{"line":24,"column":8},"end":{"line":24,"column":102}},{"start":{"line":24,"column":8},"end":{"line":24,"column":102}}],"line":24},"4":{"loc":{"start":{"line":25,"column":8},"end":{"line":26,"column":113}},"type":"if","locations":[{"start":{"line":25,"column":8},"end":{"line":26,"column":113}},{"start":{"line":25,"column":8},"end":{"line":26,"column":113}}],"line":25}},"s":{"0":3,"1":3,"2":17,"3":17,"4":17,"5":0,"6":17,"7":17,"8":11,"9":6,"10":5,"11":17,"12":0,"13":17,"14":13,"15":4,"16":3},"f":{"0":3,"1":17,"2":11,"3":5},"b":{"0":[0,17],"1":[6,5],"2":[11,6],"3":[0,17],"4":[13,4]},"_coverageSchema":"43e27e138ebf9cfc5966b082cf9a028302ed4184","hash":"ad6a49cba71c84890338477d7788e6a1d71effe0"}
,"X:\\workflow\\f2pool.com\\coingecko-exchange\\src\\components\\icons\\SlackIcon.js": {"path":"X:\\workflow\\f2pool.com\\coingecko-exchange\\src\\components\\icons\\SlackIcon.js","statementMap":{"0":{"start":{"line":5,"column":18},"end":{"line":13,"column":3}},"1":{"start":{"line":5,"column":41},"end":{"line":13,"column":1}},"2":{"start":{"line":16,"column":20},"end":{"line":16,"column":31}},"3":{"start":{"line":18,"column":4},"end":{"line":22,"column":5}}},"fnMap":{"0":{"name":"(anonymous_0)","decl":{"start":{"line":5,"column":29},"end":{"line":5,"column":30}},"loc":{"start":{"line":5,"column":41},"end":{"line":13,"column":1}},"line":5},"1":{"name":"SlackIcon","decl":{"start":{"line":15,"column":24},"end":{"line":15,"column":33}},"loc":{"start":{"line":15,"column":36},"end":{"line":23,"column":1}},"line":15}},"branchMap":{},"s":{"0":4,"1":1,"2":1,"3":1},"f":{"0":1,"1":1},"b":{},"_coverageSchema":"43e27e138ebf9cfc5966b082cf9a028302ed4184","hash":"411b985fa4e24da0a0f50d777ad50460cd530b33"}
,"X:\\workflow\\f2pool.com\\coingecko-exchange\\src\\pages\\Exchange.js": {"path":"X:\\workflow\\f2pool.com\\coingecko-exchange\\src\\pages\\Exchange.js","statementMap":{"0":{"start":{"line":11,"column":50},"end":{"line":11,"column":55}},"1":{"start":{"line":12,"column":27},"end":{"line":12,"column":38}},"2":{"start":{"line":14,"column":34},"end":{"line":14,"column":55}},"3":{"start":{"line":16,"column":4},"end":{"line":22,"column":44}},"4":{"start":{"line":17,"column":8},"end":{"line":21,"column":9}},"5":{"start":{"line":18,"column":24},"end":{"line":18,"column":41}},"6":{"start":{"line":19,"column":12},"end":{"line":19,"column":28}},"7":{"start":{"line":20,"column":12},"end":{"line":20,"column":55}},"8":{"start":{"line":24,"column":4},"end":{"line":47,"column":5}},"9":{"start":{"line":37,"column":24},"end":{"line":37,"column":99}},"10":{"start":{"line":44,"column":20},"end":{"line":44,"column":48}}},"fnMap":{"0":{"name":"Exchange","decl":{"start":{"line":10,"column":9},"end":{"line":10,"column":17}},"loc":{"start":{"line":10,"column":25},"end":{"line":48,"column":1}},"line":10},"1":{"name":"(anonymous_1)","decl":{"start":{"line":16,"column":20},"end":{"line":16,"column":21}},"loc":{"start":{"line":16,"column":26},"end":{"line":22,"column":5}},"line":16},"2":{"name":"(anonymous_2)","decl":{"start":{"line":36,"column":82},"end":{"line":36,"column":83}},"loc":{"start":{"line":36,"column":97},"end":{"line":38,"column":21}},"line":36},"3":{"name":"(anonymous_3)","decl":{"start":{"line":43,"column":107},"end":{"line":43,"column":108}},"loc":{"start":{"line":43,"column":117},"end":{"line":45,"column":17}},"line":43}},"branchMap":{"0":{"loc":{"start":{"line":17,"column":8},"end":{"line":21,"column":9}},"type":"if","locations":[{"start":{"line":17,"column":8},"end":{"line":21,"column":9}},{"start":{"line":17,"column":8},"end":{"line":21,"column":9}}],"line":17},"1":{"loc":{"start":{"line":36,"column":21},"end":{"line":38,"column":54}},"type":"cond-expr","locations":[{"start":{"line":36,"column":58},"end":{"line":38,"column":22}},{"start":{"line":38,"column":25},"end":{"line":38,"column":54}}],"line":36},"2":{"loc":{"start":{"line":36,"column":22},"end":{"line":36,"column":47}},"type":"binary-expr","locations":[{"start":{"line":36,"column":22},"end":{"line":36,"column":41}},{"start":{"line":36,"column":45},"end":{"line":36,"column":47}}],"line":36}},"s":{"0":13,"1":13,"2":13,"3":13,"4":11,"5":5,"6":5,"7":5,"8":13,"9":130,"10":0},"f":{"0":13,"1":11,"2":130,"3":0},"b":{"0":[5,6],"1":[13,0],"2":[13,0]},"_coverageSchema":"43e27e138ebf9cfc5966b082cf9a028302ed4184","hash":"3ec4ca4a3c7249c670571bc33ceb61954967ac68"}
,"X:\\workflow\\f2pool.com\\coingecko-exchange\\src\\pages\\ProductDetail.js": {"path":"X:\\workflow\\f2pool.com\\coingecko-exchange\\src\\pages\\ProductDetail.js","statementMap":{"0":{"start":{"line":15,"column":18},"end":{"line":46,"column":3}},"1":{"start":{"line":15,"column":41},"end":{"line":46,"column":1}},"2":{"start":{"line":48,"column":22},"end":{"line":134,"column":2}},"3":{"start":{"line":50,"column":38},"end":{"line":50,"column":49}},"4":{"start":{"line":51,"column":20},"end":{"line":51,"column":44}},"5":{"start":{"line":52,"column":17},"end":{"line":52,"column":84}},"6":{"start":{"line":53,"column":34},"end":{"line":53,"column":55}},"7":{"start":{"line":55,"column":4},"end":{"line":61,"column":55}},"8":{"start":{"line":56,"column":8},"end":{"line":60,"column":9}},"9":{"start":{"line":57,"column":24},"end":{"line":57,"column":64}},"10":{"start":{"line":58,"column":12},"end":{"line":58,"column":43}},"11":{"start":{"line":59,"column":12},"end":{"line":59,"column":28}},"12":{"start":{"line":63,"column":20},"end":{"line":63,"column":31}},"13":{"start":{"line":65,"column":4},"end":{"line":133,"column":5}}},"fnMap":{"0":{"name":"(anonymous_0)","decl":{"start":{"line":15,"column":29},"end":{"line":15,"column":30}},"loc":{"start":{"line":15,"column":41},"end":{"line":46,"column":1}},"line":15},"1":{"name":"(anonymous_1)","decl":{"start":{"line":48,"column":31},"end":{"line":48,"column":32}},"loc":{"start":{"line":48,"column":65},"end":{"line":134,"column":1}},"line":48},"2":{"name":"(anonymous_2)","decl":{"start":{"line":55,"column":20},"end":{"line":55,"column":21}},"loc":{"start":{"line":55,"column":26},"end":{"line":61,"column":5}},"line":55}},"branchMap":{"0":{"loc":{"start":{"line":56,"column":8},"end":{"line":60,"column":9}},"type":"if","locations":[{"start":{"line":56,"column":8},"end":{"line":60,"column":9}},{"start":{"line":56,"column":8},"end":{"line":60,"column":9}}],"line":56},"1":{"loc":{"start":{"line":83,"column":41},"end":{"line":83,"column":191}},"type":"cond-expr","locations":[{"start":{"line":83,"column":66},"end":{"line":83,"column":183}},{"start":{"line":83,"column":187},"end":{"line":83,"column":191}}],"line":83},"2":{"loc":{"start":{"line":100,"column":34},"end":{"line":109,"column":53}},"type":"cond-expr","locations":[{"start":{"line":100,"column":51},"end":{"line":109,"column":45}},{"start":{"line":109,"column":49},"end":{"line":109,"column":53}}],"line":100},"3":{"loc":{"start":{"line":111,"column":33},"end":{"line":113,"column":46}},"type":"cond-expr","locations":[{"start":{"line":111,"column":59},"end":{"line":113,"column":38}},{"start":{"line":113,"column":42},"end":{"line":113,"column":46}}],"line":111}},"s":{"0":3,"1":2,"2":3,"3":3,"4":3,"5":3,"6":3,"7":3,"8":3,"9":2,"10":2,"11":2,"12":3,"13":3},"f":{"0":2,"1":3,"2":3},"b":{"0":[2,1],"1":[0,3],"2":[2,1],"3":[2,1]},"_coverageSchema":"43e27e138ebf9cfc5966b082cf9a028302ed4184","hash":"abda98b6229d779198109e64497fc271eddabf27"}
,"X:\\workflow\\f2pool.com\\coingecko-exchange\\src\\store\\api.js": {"path":"X:\\workflow\\f2pool.com\\coingecko-exchange\\src\\store\\api.js","statementMap":{"0":{"start":{"line":7,"column":19},"end":{"line":7,"column":53}},"1":{"start":{"line":8,"column":12},"end":{"line":29,"column":1}},"2":{"start":{"line":17,"column":8},"end":{"line":21,"column":9}},"3":{"start":{"line":17,"column":29},"end":{"line":17,"column":61}},"4":{"start":{"line":19,"column":20},"end":{"line":19,"column":49}},"5":{"start":{"line":20,"column":12},"end":{"line":20,"column":49}},"6":{"start":{"line":28,"column":30},"end":{"line":28,"column":61}}},"fnMap":{"0":{"name":"(anonymous_0)","decl":{"start":{"line":16,"column":15},"end":{"line":16,"column":16}},"loc":{"start":{"line":16,"column":32},"end":{"line":22,"column":5}},"line":16},"1":{"name":"(anonymous_1)","decl":{"start":{"line":28,"column":22},"end":{"line":28,"column":23}},"loc":{"start":{"line":28,"column":30},"end":{"line":28,"column":61}},"line":28}},"branchMap":{"0":{"loc":{"start":{"line":16,"column":16},"end":{"line":16,"column":27}},"type":"default-arg","locations":[{"start":{"line":16,"column":25},"end":{"line":16,"column":27}}],"line":16},"1":{"loc":{"start":{"line":17,"column":8},"end":{"line":21,"column":9}},"type":"if","locations":[{"start":{"line":17,"column":8},"end":{"line":21,"column":9}},{"start":{"line":17,"column":8},"end":{"line":21,"column":9}}],"line":17}},"s":{"0":4,"1":4,"2":12,"3":0,"4":12,"5":12,"6":8},"f":{"0":12,"1":8},"b":{"0":[0],"1":[0,12]},"_coverageSchema":"43e27e138ebf9cfc5966b082cf9a028302ed4184","hash":"220e9a1f310e4a66cee3ccb5d4e9a373d3786e0e"}
,"X:\\workflow\\f2pool.com\\coingecko-exchange\\src\\store\\index.js": {"path":"X:\\workflow\\f2pool.com\\coingecko-exchange\\src\\store\\index.js","statementMap":{},"fnMap":{},"branchMap":{},"s":{},"f":{},"b":{},"_coverageSchema":"43e27e138ebf9cfc5966b082cf9a028302ed4184","hash":"9bf121abac77e8637dd15a690450be4b618fd293"}
,"X:\\workflow\\f2pool.com\\coingecko-exchange\\src\\store\\mobx.store.js": {"path":"X:\\workflow\\f2pool.com\\coingecko-exchange\\src\\store\\mobx.store.js","statementMap":{"0":{"start":{"line":5,"column":0},"end":{"line":5,"column":18}},"1":{"start":{"line":7,"column":12},"end":{"line":7,"column":21}},"2":{"start":{"line":8,"column":16},"end":{"line":8,"column":18}},"3":{"start":{"line":9,"column":18},"end":{"line":9,"column":20}},"4":{"start":{"line":11,"column":18},"end":{"line":11,"column":20}},"5":{"start":{"line":12,"column":24},"end":{"line":12,"column":26}},"6":{"start":{"line":13,"column":14},"end":{"line":13,"column":22}},"7":{"start":{"line":14,"column":19},"end":{"line":14,"column":21}},"8":{"start":{"line":17,"column":8},"end":{"line":21,"column":10}},"9":{"start":{"line":35,"column":8},"end":{"line":35,"column":41}},"10":{"start":{"line":35,"column":26},"end":{"line":35,"column":41}},"11":{"start":{"line":37,"column":8},"end":{"line":37,"column":30}},"12":{"start":{"line":39,"column":8},"end":{"line":46,"column":9}},"13":{"start":{"line":41,"column":12},"end":{"line":45,"column":14}},"14":{"start":{"line":42,"column":16},"end":{"line":44,"column":18}},"15":{"start":{"line":43,"column":20},"end":{"line":43,"column":40}},"16":{"start":{"line":48,"column":8},"end":{"line":57,"column":9}},"17":{"start":{"line":50,"column":12},"end":{"line":54,"column":14}},"18":{"start":{"line":51,"column":16},"end":{"line":51,"column":49}},"19":{"start":{"line":52,"column":16},"end":{"line":52,"column":70}},"20":{"start":{"line":53,"column":16},"end":{"line":53,"column":36}},"21":{"start":{"line":56,"column":12},"end":{"line":56,"column":73}},"22":{"start":{"line":59,"column":8},"end":{"line":59,"column":27}},"23":{"start":{"line":60,"column":8},"end":{"line":60,"column":47}},"24":{"start":{"line":62,"column":8},"end":{"line":91,"column":14}},"25":{"start":{"line":69,"column":16},"end":{"line":77,"column":18}},"26":{"start":{"line":70,"column":20},"end":{"line":70,"column":45}},"27":{"start":{"line":71,"column":20},"end":{"line":71,"column":84}},"28":{"start":{"line":71,"column":44},"end":{"line":71,"column":83}},"29":{"start":{"line":73,"column":20},"end":{"line":73,"column":51}},"30":{"start":{"line":74,"column":20},"end":{"line":74,"column":68}},"31":{"start":{"line":75,"column":20},"end":{"line":75,"column":40}},"32":{"start":{"line":76,"column":20},"end":{"line":76,"column":54}},"33":{"start":{"line":81,"column":16},"end":{"line":83,"column":18}},"34":{"start":{"line":82,"column":20},"end":{"line":82,"column":40}},"35":{"start":{"line":85,"column":16},"end":{"line":90,"column":17}},"36":{"start":{"line":86,"column":20},"end":{"line":86,"column":64}},"37":{"start":{"line":89,"column":20},"end":{"line":89,"column":53}},"38":{"start":{"line":102,"column":8},"end":{"line":102,"column":30}},"39":{"start":{"line":104,"column":8},"end":{"line":111,"column":9}},"40":{"start":{"line":105,"column":12},"end":{"line":109,"column":14}},"41":{"start":{"line":106,"column":16},"end":{"line":106,"column":59}},"42":{"start":{"line":107,"column":16},"end":{"line":107,"column":36}},"43":{"start":{"line":108,"column":16},"end":{"line":108,"column":46}},"44":{"start":{"line":110,"column":12},"end":{"line":110,"column":58}},"45":{"start":{"line":113,"column":8},"end":{"line":113,"column":31}},"46":{"start":{"line":114,"column":8},"end":{"line":114,"column":50}},"47":{"start":{"line":116,"column":8},"end":{"line":142,"column":14}},"48":{"start":{"line":124,"column":16},"end":{"line":129,"column":18}},"49":{"start":{"line":125,"column":20},"end":{"line":125,"column":55}},"50":{"start":{"line":126,"column":20},"end":{"line":126,"column":53}},"51":{"start":{"line":127,"column":20},"end":{"line":127,"column":40}},"52":{"start":{"line":128,"column":20},"end":{"line":128,"column":62}},"53":{"start":{"line":133,"column":16},"end":{"line":135,"column":18}},"54":{"start":{"line":134,"column":20},"end":{"line":134,"column":40}},"55":{"start":{"line":137,"column":16},"end":{"line":141,"column":17}},"56":{"start":{"line":138,"column":20},"end":{"line":138,"column":70}},"57":{"start":{"line":140,"column":20},"end":{"line":140,"column":59}}},"fnMap":{"0":{"name":"(anonymous_0)","decl":{"start":{"line":16,"column":4},"end":{"line":16,"column":5}},"loc":{"start":{"line":16,"column":18},"end":{"line":23,"column":5}},"line":16},"1":{"name":"(anonymous_1)","decl":{"start":{"line":34,"column":4},"end":{"line":34,"column":5}},"loc":{"start":{"line":34,"column":44},"end":{"line":92,"column":5}},"line":34},"2":{"name":"(anonymous_2)","decl":{"start":{"line":41,"column":79},"end":{"line":41,"column":80}},"loc":{"start":{"line":41,"column":86},"end":{"line":45,"column":13}},"line":41},"3":{"name":"(anonymous_3)","decl":{"start":{"line":42,"column":28},"end":{"line":42,"column":29}},"loc":{"start":{"line":42,"column":34},"end":{"line":44,"column":17}},"line":42},"4":{"name":"(anonymous_4)","decl":{"start":{"line":50,"column":24},"end":{"line":50,"column":25}},"loc":{"start":{"line":50,"column":30},"end":{"line":54,"column":13}},"line":50},"5":{"name":"(anonymous_5)","decl":{"start":{"line":68,"column":18},"end":{"line":68,"column":19}},"loc":{"start":{"line":68,"column":32},"end":{"line":79,"column":13}},"line":68},"6":{"name":"(anonymous_6)","decl":{"start":{"line":69,"column":28},"end":{"line":69,"column":29}},"loc":{"start":{"line":69,"column":34},"end":{"line":77,"column":17}},"line":69},"7":{"name":"(anonymous_7)","decl":{"start":{"line":71,"column":34},"end":{"line":71,"column":35}},"loc":{"start":{"line":71,"column":44},"end":{"line":71,"column":83}},"line":71},"8":{"name":"(anonymous_8)","decl":{"start":{"line":79,"column":21},"end":{"line":79,"column":22}},"loc":{"start":{"line":79,"column":28},"end":{"line":91,"column":13}},"line":79},"9":{"name":"(anonymous_9)","decl":{"start":{"line":81,"column":28},"end":{"line":81,"column":29}},"loc":{"start":{"line":81,"column":34},"end":{"line":83,"column":17}},"line":81},"10":{"name":"(anonymous_10)","decl":{"start":{"line":101,"column":4},"end":{"line":101,"column":5}},"loc":{"start":{"line":101,"column":46},"end":{"line":143,"column":5}},"line":101},"11":{"name":"(anonymous_11)","decl":{"start":{"line":105,"column":24},"end":{"line":105,"column":25}},"loc":{"start":{"line":105,"column":30},"end":{"line":109,"column":13}},"line":105},"12":{"name":"(anonymous_12)","decl":{"start":{"line":122,"column":18},"end":{"line":122,"column":19}},"loc":{"start":{"line":122,"column":32},"end":{"line":131,"column":13}},"line":122},"13":{"name":"(anonymous_13)","decl":{"start":{"line":124,"column":28},"end":{"line":124,"column":29}},"loc":{"start":{"line":124,"column":34},"end":{"line":129,"column":17}},"line":124},"14":{"name":"(anonymous_14)","decl":{"start":{"line":131,"column":21},"end":{"line":131,"column":22}},"loc":{"start":{"line":131,"column":28},"end":{"line":142,"column":13}},"line":131},"15":{"name":"(anonymous_15)","decl":{"start":{"line":133,"column":28},"end":{"line":133,"column":29}},"loc":{"start":{"line":133,"column":34},"end":{"line":135,"column":17}},"line":133}},"branchMap":{"0":{"loc":{"start":{"line":34,"column":28},"end":{"line":34,"column":42}},"type":"default-arg","locations":[{"start":{"line":34,"column":38},"end":{"line":34,"column":42}}],"line":34},"1":{"loc":{"start":{"line":35,"column":8},"end":{"line":35,"column":41}},"type":"if","locations":[{"start":{"line":35,"column":8},"end":{"line":35,"column":41}},{"start":{"line":35,"column":8},"end":{"line":35,"column":41}}],"line":35},"2":{"loc":{"start":{"line":39,"column":8},"end":{"line":46,"column":9}},"type":"if","locations":[{"start":{"line":39,"column":8},"end":{"line":46,"column":9}},{"start":{"line":39,"column":8},"end":{"line":46,"column":9}}],"line":39},"3":{"loc":{"start":{"line":48,"column":8},"end":{"line":57,"column":9}},"type":"if","locations":[{"start":{"line":48,"column":8},"end":{"line":57,"column":9}},{"start":{"line":48,"column":8},"end":{"line":57,"column":9}}],"line":48},"4":{"loc":{"start":{"line":70,"column":31},"end":{"line":70,"column":45}},"type":"binary-expr","locations":[{"start":{"line":70,"column":31},"end":{"line":70,"column":39}},{"start":{"line":70,"column":43},"end":{"line":70,"column":45}}],"line":70},"5":{"loc":{"start":{"line":73,"column":37},"end":{"line":73,"column":51}},"type":"binary-expr","locations":[{"start":{"line":73,"column":37},"end":{"line":73,"column":45}},{"start":{"line":73,"column":49},"end":{"line":73,"column":51}}],"line":73},"6":{"loc":{"start":{"line":85,"column":16},"end":{"line":90,"column":17}},"type":"if","locations":[{"start":{"line":85,"column":16},"end":{"line":90,"column":17}},{"start":{"line":85,"column":16},"end":{"line":90,"column":17}}],"line":85},"7":{"loc":{"start":{"line":101,"column":30},"end":{"line":101,"column":44}},"type":"default-arg","locations":[{"start":{"line":101,"column":40},"end":{"line":101,"column":44}}],"line":101},"8":{"loc":{"start":{"line":104,"column":8},"end":{"line":111,"column":9}},"type":"if","locations":[{"start":{"line":104,"column":8},"end":{"line":111,"column":9}},{"start":{"line":104,"column":8},"end":{"line":111,"column":9}}],"line":104},"9":{"loc":{"start":{"line":125,"column":41},"end":{"line":125,"column":55}},"type":"binary-expr","locations":[{"start":{"line":125,"column":41},"end":{"line":125,"column":49}},{"start":{"line":125,"column":53},"end":{"line":125,"column":55}}],"line":125},"10":{"loc":{"start":{"line":137,"column":16},"end":{"line":141,"column":17}},"type":"if","locations":[{"start":{"line":137,"column":16},"end":{"line":141,"column":17}},{"start":{"line":137,"column":16},"end":{"line":141,"column":17}}],"line":137}},"s":{"0":4,"1":4,"2":4,"3":4,"4":4,"5":4,"6":4,"7":4,"8":4,"9":10,"10":0,"11":10,"12":10,"13":1,"14":1,"15":1,"16":9,"17":3,"18":3,"19":3,"20":3,"21":3,"22":6,"23":6,"24":6,"25":4,"26":4,"27":4,"28":36,"29":4,"30":4,"31":4,"32":4,"33":1,"34":1,"35":1,"36":1,"37":0,"38":5,"39":5,"40":1,"41":1,"42":1,"43":1,"44":1,"45":4,"46":4,"47":4,"48":2,"49":2,"50":2,"51":2,"52":2,"53":2,"54":2,"55":2,"56":1,"57":1},"f":{"0":4,"1":10,"2":1,"3":1,"4":3,"5":4,"6":4,"7":36,"8":1,"9":1,"10":5,"11":1,"12":2,"13":2,"14":2,"15":2},"b":{"0":[9],"1":[0,10],"2":[1,9],"3":[3,6],"4":[4,0],"5":[4,0],"6":[1,0],"7":[4],"8":[1,4],"9":[2,0],"10":[1,1]},"_coverageSchema":"43e27e138ebf9cfc5966b082cf9a028302ed4184","hash":"955c80056045f9a6e13ac338b9bbbcc66efbe766"}
,"X:\\workflow\\f2pool.com\\coingecko-exchange\\src\\theme\\index.js": {"path":"X:\\workflow\\f2pool.com\\coingecko-exchange\\src\\theme\\index.js","statementMap":{},"fnMap":{},"branchMap":{},"s":{},"f":{},"b":{},"_coverageSchema":"43e27e138ebf9cfc5966b082cf9a028302ed4184","hash":"13696c6aebd4c28a8796215cdb71770b45481a98"}
,"X:\\workflow\\f2pool.com\\coingecko-exchange\\src\\theme\\material.theme.js": {"path":"X:\\workflow\\f2pool.com\\coingecko-exchange\\src\\theme\\material.theme.js","statementMap":{"0":{"start":{"line":4,"column":21},"end":{"line":33,"column":2}}},"fnMap":{},"branchMap":{},"s":{"0":3},"f":{},"b":{},"_coverageSchema":"43e27e138ebf9cfc5966b082cf9a028302ed4184","hash":"20589d905e22b3a4eb5d4dcca786748e730f567c"}
,"X:\\workflow\\f2pool.com\\coingecko-exchange\\src\\utils\\index.js": {"path":"X:\\workflow\\f2pool.com\\coingecko-exchange\\src\\utils\\index.js","statementMap":{},"fnMap":{},"branchMap":{},"s":{},"f":{},"b":{},"_coverageSchema":"43e27e138ebf9cfc5966b082cf9a028302ed4184","hash":"91f80aeb1a0773b0ddbaa37bd0c36b6c8032cf58"}
,"X:\\workflow\\f2pool.com\\coingecko-exchange\\src\\utils\\utils.js": {"path":"X:\\workflow\\f2pool.com\\coingecko-exchange\\src\\utils\\utils.js","statementMap":{"0":{"start":{"line":8,"column":28},"end":{"line":28,"column":1}},"1":{"start":{"line":9,"column":4},"end":{"line":27,"column":5}},"2":{"start":{"line":9,"column":21},"end":{"line":9,"column":43}},"3":{"start":{"line":12,"column":8},"end":{"line":14,"column":9}},"4":{"start":{"line":13,"column":12},"end":{"line":13,"column":56}},"5":{"start":{"line":17,"column":8},"end":{"line":21,"column":9}},"6":{"start":{"line":18,"column":12},"end":{"line":18,"column":40}},"7":{"start":{"line":20,"column":12},"end":{"line":20,"column":38}},"8":{"start":{"line":24,"column":8},"end":{"line":26,"column":74}},"9":{"start":{"line":25,"column":12},"end":{"line":25,"column":45}},"10":{"start":{"line":26,"column":15},"end":{"line":26,"column":74}},"11":{"start":{"line":34,"column":30},"end":{"line":41,"column":1}},"12":{"start":{"line":35,"column":23},"end":{"line":35,"column":44}},"13":{"start":{"line":36,"column":18},"end":{"line":36,"column":68}},"14":{"start":{"line":36,"column":35},"end":{"line":36,"column":58}},"15":{"start":{"line":37,"column":4},"end":{"line":39,"column":6}},"16":{"start":{"line":38,"column":8},"end":{"line":38,"column":27}},"17":{"start":{"line":40,"column":4},"end":{"line":40,"column":21}}},"fnMap":{"0":{"name":"(anonymous_0)","decl":{"start":{"line":8,"column":28},"end":{"line":8,"column":29}},"loc":{"start":{"line":8,"column":48},"end":{"line":28,"column":1}},"line":8},"1":{"name":"(anonymous_1)","decl":{"start":{"line":34,"column":30},"end":{"line":34,"column":31}},"loc":{"start":{"line":34,"column":50},"end":{"line":41,"column":1}},"line":34},"2":{"name":"(anonymous_2)","decl":{"start":{"line":36,"column":29},"end":{"line":36,"column":30}},"loc":{"start":{"line":36,"column":35},"end":{"line":36,"column":58}},"line":36},"3":{"name":"(anonymous_3)","decl":{"start":{"line":37,"column":20},"end":{"line":37,"column":21}},"loc":{"start":{"line":37,"column":25},"end":{"line":39,"column":5}},"line":37}},"branchMap":{"0":{"loc":{"start":{"line":9,"column":4},"end":{"line":27,"column":5}},"type":"if","locations":[{"start":{"line":9,"column":4},"end":{"line":27,"column":5}},{"start":{"line":9,"column":4},"end":{"line":27,"column":5}}],"line":9},"1":{"loc":{"start":{"line":12,"column":8},"end":{"line":14,"column":9}},"type":"if","locations":[{"start":{"line":12,"column":8},"end":{"line":14,"column":9}},{"start":{"line":12,"column":8},"end":{"line":14,"column":9}}],"line":12},"2":{"loc":{"start":{"line":24,"column":8},"end":{"line":26,"column":74}},"type":"if","locations":[{"start":{"line":24,"column":8},"end":{"line":26,"column":74}},{"start":{"line":24,"column":8},"end":{"line":26,"column":74}}],"line":24},"3":{"loc":{"start":{"line":26,"column":37},"end":{"line":26,"column":73}},"type":"binary-expr","locations":[{"start":{"line":26,"column":37},"end":{"line":26,"column":41}},{"start":{"line":26,"column":45},"end":{"line":26,"column":73}}],"line":26},"4":{"loc":{"start":{"line":34,"column":31},"end":{"line":34,"column":45}},"type":"default-arg","locations":[{"start":{"line":34,"column":41},"end":{"line":34,"column":45}}],"line":34}},"s":{"0":4,"1":7,"2":6,"3":1,"4":1,"5":0,"6":0,"7":0,"8":0,"9":0,"10":0,"11":4,"12":10,"13":10,"14":2,"15":10,"16":9,"17":10},"f":{"0":7,"1":10,"2":2,"3":9},"b":{"0":[6,1],"1":[1,0],"2":[0,0],"3":[0,0],"4":[0]},"_coverageSchema":"43e27e138ebf9cfc5966b082cf9a028302ed4184","hash":"c45d9c90e63d6c9c468e1ac44dc9ad341922edce"}
}
