TN:
SF:X:\workflow\f2pool.com\coingecko-exchange\src\App.js
FN:21,App
FN:24,(anonymous_1)
FN:50,(anonymous_2)
FN:54,(anonymous_3)
FNF:4
FNH:4
FNDA:12,App
FNDA:7,(anonymous_1)
FNDA:5,(anonymous_2)
FNDA:2,(anonymous_3)
DA:11,3
DA:12,0
DA:13,0
DA:16,3
DA:17,0
DA:20,3
DA:23,12
DA:24,12
DA:25,7
DA:28,12
DA:50,5
DA:54,2
LF:12
LH:9
BRDA:11,0,0,0
BRDA:11,0,1,3
BRDA:16,1,0,0
BRDA:16,1,1,3
BRF:4
BRH:2
end_of_record
TN:
SF:X:\workflow\f2pool.com\coingecko-exchange\src\index.js
FNF:0
FNH:0
DA:6,0
LF:1
LH:0
BRF:0
BRH:0
end_of_record
TN:
SF:X:\workflow\f2pool.com\coingecko-exchange\src\components\Messages.js
FN:5,(anonymous_0)
FN:17,(anonymous_1)
FN:35,Messages
FNF:3
FNH:3
FNDA:4,(anonymous_0)
FNDA:1,(anonymous_1)
FNDA:4,Messages
DA:5,4
DA:17,4
DA:19,1
DA:36,4
DA:37,4
DA:38,4
DA:39,4
DA:41,4
DA:43,4
LF:9
LH:9
BRDA:20,0,0,0
BRDA:20,0,1,1
BRDA:41,1,0,0
BRDA:41,1,1,4
BRDA:45,2,0,1
BRDA:45,2,1,3
BRDA:45,3,0,1
BRDA:45,3,1,1
BRDA:45,4,0,1
BRDA:45,4,1,2
BRDA:46,5,0,1
BRDA:46,5,1,1
BRDA:47,6,0,1
BRDA:47,6,1,0
BRF:14
BRH:11
end_of_record
TN:
SF:X:\workflow\f2pool.com\coingecko-exchange\src\components\Navbar.js
FN:10,(anonymous_0)
FN:22,(anonymous_1)
FN:45,Nav
FNF:3
FNH:3
FNDA:5,(anonymous_0)
FNDA:17,(anonymous_1)
FNDA:17,Nav
DA:10,5
DA:22,3
DA:23,17
DA:24,17
DA:25,17
DA:47,17
DA:49,17
LF:7
LH:7
BRDA:24,0,0,17
BRDA:24,0,1,8
BRDA:26,1,0,7
BRDA:26,1,1,10
BRDA:26,2,0,17
BRDA:26,2,1,9
BRDA:32,3,0,2
BRDA:32,3,1,8
BRDA:32,4,0,10
BRDA:32,4,1,2
BRF:10
BRH:10
end_of_record
TN:
SF:X:\workflow\f2pool.com\coingecko-exchange\src\components\Pagination.js
FN:5,(anonymous_0)
FN:13,PaginationBottom
FN:17,(anonymous_2)
FNF:3
FNH:3
FNDA:5,(anonymous_0)
FNDA:13,PaginationBottom
FNDA:1,(anonymous_2)
DA:5,5
DA:14,13
DA:15,13
DA:16,13
DA:17,13
DA:18,1
DA:19,1
DA:22,13
LF:8
LH:8
BRDA:27,0,0,13
BRDA:27,0,1,0
BRF:2
BRH:1
end_of_record
TN:
SF:X:\workflow\f2pool.com\coingecko-exchange\src\components\Product.js
FN:12,(anonymous_0)
FN:41,(anonymous_1)
FN:68,(anonymous_2)
FNF:3
FNH:2
FNDA:5,(anonymous_0)
FNDA:80,(anonymous_1)
FNDA:0,(anonymous_2)
DA:12,5
DA:41,3
DA:42,80
DA:43,80
DA:44,80
DA:46,80
LF:6
LH:6
BRF:0
BRH:0
end_of_record
TN:
SF:X:\workflow\f2pool.com\coingecko-exchange\src\components\SocialMedia.js
FN:11,(anonymous_0)
FN:23,SocialMedia
FN:27,Alink
FN:34,(anonymous_3)
FNF:4
FNH:4
FNDA:2,(anonymous_0)
FNDA:3,SocialMedia
FNDA:7,Alink
FNDA:7,(anonymous_3)
DA:11,4
DA:24,3
DA:25,3
DA:28,7
DA:31,3
DA:35,7
LF:6
LH:6
BRDA:37,0,0,3
BRDA:37,0,1,4
BRDA:38,1,0,3
BRDA:38,1,1,1
BRDA:39,2,0,0
BRDA:39,2,1,1
BRDA:40,3,0,1
BRDA:40,3,1,0
BRF:8
BRH:6
end_of_record
TN:
SF:X:\workflow\f2pool.com\coingecko-exchange\src\components\withProduct.hoc.js
FN:6,(anonymous_0)
FN:8,(anonymous_1)
FN:13,(anonymous_2)
FN:15,(anonymous_3)
FNF:4
FNH:4
FNDA:3,(anonymous_0)
FNDA:4,(anonymous_1)
FNDA:2,(anonymous_2)
FNDA:1,(anonymous_3)
DA:6,3
DA:8,3
DA:9,4
DA:10,4
DA:11,4
DA:13,4
DA:14,2
DA:15,1
DA:16,1
DA:21,4
DA:22,3
DA:25,1
DA:26,1
DA:29,0
DA:30,0
DA:34,3
LF:16
LH:14
BRDA:14,0,0,1
BRDA:14,0,1,1
BRDA:21,1,0,3
BRDA:21,1,1,1
BRDA:25,2,0,1
BRDA:25,2,1,0
BRDA:29,3,0,0
BRDA:29,3,1,0
BRF:8
BRH:5
end_of_record
TN:
SF:X:\workflow\f2pool.com\coingecko-exchange\src\components\withStore.hoc.js
FN:6,(anonymous_0)
FN:7,(anonymous_1)
FN:16,(anonymous_2)
FN:18,(anonymous_3)
FNF:4
FNH:4
FNDA:3,(anonymous_0)
FNDA:17,(anonymous_1)
FNDA:11,(anonymous_2)
FNDA:5,(anonymous_3)
DA:6,3
DA:7,3
DA:8,17
DA:9,17
DA:11,17
DA:12,0
DA:15,17
DA:16,17
DA:17,11
DA:18,6
DA:19,5
DA:24,17
DA:25,17
DA:26,4
DA:28,3
LF:15
LH:14
BRDA:11,0,0,0
BRDA:11,0,1,17
BRDA:17,1,0,6
BRDA:17,1,1,5
BRDA:17,2,0,11
BRDA:17,2,1,6
BRDA:24,3,0,0
BRDA:24,3,1,17
BRDA:25,4,0,13
BRDA:25,4,1,4
BRF:10
BRH:8
end_of_record
TN:
SF:X:\workflow\f2pool.com\coingecko-exchange\src\pages\Exchange.js
FN:10,Exchange
FN:16,(anonymous_1)
FN:36,(anonymous_2)
FN:43,(anonymous_3)
FNF:4
FNH:3
FNDA:13,Exchange
FNDA:11,(anonymous_1)
FNDA:130,(anonymous_2)
FNDA:0,(anonymous_3)
DA:11,13
DA:12,13
DA:14,13
DA:16,13
DA:17,11
DA:18,5
DA:19,5
DA:20,5
DA:24,13
DA:37,130
DA:44,0
LF:11
LH:10
BRDA:17,0,0,5
BRDA:17,0,1,6
BRDA:36,1,0,13
BRDA:36,1,1,0
BRDA:36,2,0,13
BRDA:36,2,1,0
BRF:6
BRH:4
end_of_record
TN:
SF:X:\workflow\f2pool.com\coingecko-exchange\src\pages\Models.js
FN:14,(anonymous_0)
FN:24,(anonymous_1)
FN:34,(anonymous_2)
FN:36,(anonymous_3)
FNF:4
FNH:4
FNDA:83,(anonymous_0)
FNDA:80,(anonymous_1)
FNDA:5,(anonymous_2)
FNDA:15,(anonymous_3)
DA:4,3
DA:9,83
DA:10,83
DA:11,83
DA:12,83
DA:15,83
DA:18,83
DA:19,83
DA:20,83
DA:25,80
DA:35,5
DA:36,15
LF:12
LH:12
BRDA:14,0,0,0
BRDA:14,1,0,0
BRDA:35,2,0,4
BRDA:35,2,1,1
BRDA:35,3,0,4
BRDA:35,3,1,1
BRDA:35,4,0,0
BRDA:35,4,1,5
BRF:8
BRH:5
end_of_record
TN:
SF:X:\workflow\f2pool.com\coingecko-exchange\src\pages\ProductDetail.js
FN:15,(anonymous_0)
FN:48,(anonymous_1)
FN:55,(anonymous_2)
FNF:3
FNH:3
FNDA:2,(anonymous_0)
FNDA:3,(anonymous_1)
FNDA:3,(anonymous_2)
DA:15,3
DA:48,3
DA:50,3
DA:51,3
DA:52,3
DA:53,3
DA:55,3
DA:56,3
DA:57,2
DA:58,2
DA:59,2
DA:63,3
DA:65,3
LF:13
LH:13
BRDA:56,0,0,2
BRDA:56,0,1,1
BRDA:83,1,0,0
BRDA:83,1,1,3
BRDA:100,2,0,2
BRDA:100,2,1,1
BRDA:111,3,0,2
BRDA:111,3,1,1
BRF:8
BRH:7
end_of_record
TN:
SF:X:\workflow\f2pool.com\coingecko-exchange\src\store\api.js
FN:16,(anonymous_0)
FN:28,(anonymous_1)
FNF:2
FNH:2
FNDA:12,(anonymous_0)
FNDA:8,(anonymous_1)
DA:7,4
DA:8,4
DA:17,12
DA:19,12
DA:20,12
DA:28,8
LF:6
LH:6
BRDA:16,0,0,0
BRDA:17,1,0,0
BRDA:17,1,1,12
BRF:3
BRH:1
end_of_record
TN:
SF:X:\workflow\f2pool.com\coingecko-exchange\src\store\index.js
FNF:0
FNH:0
LF:0
LH:0
BRF:0
BRH:0
end_of_record
TN:
SF:X:\workflow\f2pool.com\coingecko-exchange\src\store\mobx.store.js
FN:16,(anonymous_0)
FN:34,(anonymous_1)
FN:41,(anonymous_2)
FN:42,(anonymous_3)
FN:50,(anonymous_4)
FN:68,(anonymous_5)
FN:69,(anonymous_6)
FN:72,(anonymous_7)
FN:78,(anonymous_8)
FN:80,(anonymous_9)
FN:100,(anonymous_10)
FN:104,(anonymous_11)
FN:121,(anonymous_12)
FN:123,(anonymous_13)
FN:130,(anonymous_14)
FN:132,(anonymous_15)
FNF:16
FNH:16
FNDA:4,(anonymous_0)
FNDA:10,(anonymous_1)
FNDA:1,(anonymous_2)
FNDA:1,(anonymous_3)
FNDA:3,(anonymous_4)
FNDA:4,(anonymous_5)
FNDA:4,(anonymous_6)
FNDA:36,(anonymous_7)
FNDA:1,(anonymous_8)
FNDA:1,(anonymous_9)
FNDA:5,(anonymous_10)
FNDA:1,(anonymous_11)
FNDA:2,(anonymous_12)
FNDA:2,(anonymous_13)
FNDA:2,(anonymous_14)
FNDA:2,(anonymous_15)
DA:5,4
DA:7,4
DA:8,4
DA:9,4
DA:11,4
DA:12,4
DA:13,4
DA:14,4
DA:17,4
DA:35,10
DA:37,10
DA:39,10
DA:41,1
DA:42,1
DA:43,1
DA:48,9
DA:50,3
DA:51,3
DA:52,3
DA:53,3
DA:56,3
DA:59,6
DA:60,6
DA:62,6
DA:69,4
DA:70,4
DA:72,36
DA:73,4
DA:74,4
DA:75,4
DA:80,1
DA:81,1
DA:84,1
DA:85,1
DA:88,0
DA:101,5
DA:103,5
DA:104,1
DA:105,1
DA:106,1
DA:107,1
DA:109,1
DA:112,4
DA:113,4
DA:115,4
DA:123,2
DA:124,2
DA:125,2
DA:126,2
DA:127,2
DA:132,2
DA:133,2
DA:136,2
DA:137,1
DA:139,1
LF:55
LH:54
BRDA:34,0,0,9
BRDA:35,1,0,0
BRDA:35,1,1,10
BRDA:39,2,0,1
BRDA:39,2,1,9
BRDA:48,3,0,3
BRDA:48,3,1,6
BRDA:70,4,0,4
BRDA:70,4,1,0
BRDA:84,5,0,1
BRDA:84,5,1,0
BRDA:100,6,0,4
BRDA:103,7,0,1
BRDA:103,7,1,4
BRDA:124,8,0,2
BRDA:124,8,1,0
BRDA:136,9,0,1
BRDA:136,9,1,1
BRF:18
BRH:14
end_of_record
TN:
SF:X:\workflow\f2pool.com\coingecko-exchange\src\theme\index.js
FNF:0
FNH:0
LF:0
LH:0
BRF:0
BRH:0
end_of_record
TN:
SF:X:\workflow\f2pool.com\coingecko-exchange\src\theme\material.theme.js
FNF:0
FNH:0
DA:4,3
LF:1
LH:1
BRF:0
BRH:0
end_of_record
TN:
SF:X:\workflow\f2pool.com\coingecko-exchange\src\utils\index.js
FNF:0
FNH:0
LF:0
LH:0
BRF:0
BRH:0
end_of_record
TN:
SF:X:\workflow\f2pool.com\coingecko-exchange\src\utils\utils.js
FN:8,(anonymous_0)
FN:34,(anonymous_1)
FN:36,(anonymous_2)
FN:37,(anonymous_3)
FNF:4
FNH:4
FNDA:7,(anonymous_0)
FNDA:10,(anonymous_1)
FNDA:2,(anonymous_2)
FNDA:9,(anonymous_3)
DA:8,4
DA:9,7
DA:12,1
DA:13,1
DA:17,0
DA:18,0
DA:20,0
DA:24,0
DA:25,0
DA:26,0
DA:34,4
DA:35,10
DA:36,10
DA:37,10
DA:38,9
DA:40,10
LF:16
LH:10
BRDA:9,0,0,6
BRDA:9,0,1,1
BRDA:12,1,0,1
BRDA:12,1,1,0
BRDA:24,2,0,0
BRDA:24,2,1,0
BRDA:26,3,0,0
BRDA:26,3,1,0
BRDA:34,4,0,0
BRF:9
BRH:3
end_of_record
